<?xml version="1.0" encoding="UTF-8"?>
<!-- Generated by org.testng.reporters.JUnitReportReporter -->
<testsuite hostname="UDAY-PC" name="script.TestDescription" tests="1" failures="0" timestamp="27 Jun 2019 17:53:43 GMT" time="19.351" errors="0">
  <testcase name="testEditTaskType" time="19.351" classname="script.TestDescription"/>
</testsuite> <!-- script.TestDescription -->
