<?xml version="1.0" encoding="UTF-8"?>
<!-- Generated by org.testng.reporters.JUnitReportReporter -->
<testsuite hostname="UDAY-PC" name="script.TestEditTaskType" tests="1" failures="0" timestamp="27 Jun 2019 17:53:43 GMT" time="22.010" errors="0">
  <testcase name="testEditTaskType" time="22.010" classname="script.TestEditTaskType"/>
</testsuite> <!-- script.TestEditTaskType -->
