<?xml version="1.0" encoding="UTF-8"?>
<!-- Generated by org.testng.reporters.JUnitReportReporter -->
<testsuite hostname="UDAY-PC" name="script.TestChangeStatus" tests="1" failures="0" timestamp="27 Jun 2019 17:53:43 GMT" time="31.445" errors="0">
  <testcase name="testSelectClear" time="31.445" classname="script.TestChangeStatus"/>
</testsuite> <!-- script.TestChangeStatus -->
