<?xml version="1.0" encoding="UTF-8"?>
<!-- Generated by org.testng.reporters.JUnitReportReporter -->
<testsuite hostname="UDAY-PC" name="script.TestSelectDelete" tests="1" failures="0" timestamp="27 Jun 2019 17:53:43 GMT" time="30.975" errors="0">
  <testcase name="testSelectClear" time="30.975" classname="script.TestSelectDelete"/>
</testsuite> <!-- script.TestSelectDelete -->
