<?xml version="1.0" encoding="UTF-8"?>
<!-- Generated by org.testng.reporters.JUnitReportReporter -->
<testsuite hostname="UDAY-PC" name="script.TestValidLogin" tests="1" failures="0" timestamp="27 Jun 2019 17:53:43 GMT" time="10.859" errors="0">
  <testcase name="testValidLogin" time="10.859" classname="script.TestValidLogin"/>
</testsuite> <!-- script.TestValidLogin -->
