<?xml version="1.0" encoding="UTF-8"?>
<!-- Generated by org.testng.reporters.JUnitReportReporter -->
<testsuite hostname="UDAY-PC" name="script.TestSelectAllDeselectAll" tests="1" failures="0" timestamp="27 Jun 2019 17:53:43 GMT" time="28.687" errors="0">
  <testcase name="testAll" time="28.687" classname="script.TestSelectAllDeselectAll"/>
</testsuite> <!-- script.TestSelectAllDeselectAll -->
